Sender: LSF System <lsfadmin@c4u08n03>
Subject: Job 689219: <CutFEM> in cluster <cluster1> Done

Job <CutFEM> was submitted from host <ln02> by user <zhanghe> in cluster <cluster1> at Mon Dec 29 23:08:17 2025
Job was executed on host(s) <36*c4u08n03>, in queue <batch>, as user <zhanghe> in cluster <cluster1> at Mon Dec 29 23:08:23 2025
                            <28*c6u03n04>
</share/home/zhanghe> was used as the home directory.
</share/home/zhanghe/cutfem_FSI/poisson> was used as the working directory.
Started at Mon Dec 29 23:08:23 2025
Terminated at Mon Dec 29 23:09:41 2025
Results reported at Mon Dec 29 23:09:41 2025

Your job looked like:

------------------------------------------------------------
# LSBATCH: User input
#!/bin/bash

#BSUB -J CutFEM
#BSUB -n 64
#BSUB -o %J.log
#BSUB -e %J.err
#BSUB -W 6000
#BSUB -q batch
#BSUB -R "span[ptile=36]"

for r0 in 2 3 4 5 6 7; do
	mpirun -n 64 ./cutfem -sol_order 1 -refine0 $r0 -dof_type Q1 \
 	-solver minres -solver_rtol 1e-12  -solver_btol 1e-12
done

------------------------------------------------------------

Successfully completed.

Resource usage summary:

    CPU time :                                   4489.00 sec.
    Max Memory :                                 6536 MB
    Average Memory :                             5195.75 MB
    Total Requested Memory :                     -
    Delta Memory :                               -
    Max Swap :                                   5 MB
    Max Processes :                              7
    Max Threads :                                9
    Run time :                                   77 sec.
    Turnaround time :                            84 sec.

The output (if any) follows:

Sphere: center=(0.5 0.5 0.5), radius=0.3
Initial refinement (refine0=2): 64 elements.

********** Level 2, 64 procs, 64 elems, LIF 1.00, refine time: 0
Resolving/merging interface elements: *** phgXFEMInfo: 64 elements, 1 part, 1 subdomain, time 0.009568s
  1. Vol's/area by region: [-]:0.113097   [0]:1.13097    [+]:0         
  2. Face areas by region: [-]:1.36659    [0]:0          [+]:13.6334   
  3. # elements by region: [-]:0          [0]:32         [+]:32        
  To check: total volume == 1[-] + 1[+], total interface area == 1[0] + 2[0]
*** phgXFEMInfo: # total/interface elements in the induced meshes
  M0: 32/32
Building linear equations (64 elems, FE: Q1/Q1) ...
  Element sizes: max/min = 2.50e-01/2.50e-01 = 1
  # cut elements by FE order:
  # non-cut elements by FE order: 1:32
  # global unknowns: 81 (39 for the cut elements)
  Total # quadrature points: 52800
  # local nonzeros: max inproc/offproc 17/151, total 2655
  Wall time: 0.022s, memory usage: 0.19GB
Solving linear equations ...
  solver MINRES; nits: 35; residual: 2.03058e-11; time: 0.006024
L2err: 5.7933148936e-08; H1err: 4.4691283633e-07; mem: 0.19GB; time: 0.063
  |u_h-u_H| = 6.93462e-01
Sphere: center=(0.5 0.5 0.5), radius=0.3
Initial refinement (refine0=3): 512 elements.

********** Level 3, 64 procs, 512 elems, LIF 1.00, refine time: 0
Resolving/merging interface elements: *** phgXFEMInfo: 512 elements, 1 part, 1 subdomain, time 0.007988s
  1. Vol's/area by region: [-]:0.113097   [0]:1.13097    [+]:0         
  2. Face areas by region: [-]:2.76853    [0]:0          [+]:24.2315   
  3. # elements by region: [-]:8          [0]:128        [+]:376       
  To check: total volume == 1[-] + 1[+], total interface area == 1[0] + 2[0]
*** phgXFEMInfo: # total/interface elements in the induced meshes
  M0: 136/128
Building linear equations (512 elems, FE: Q1/Q1) ...
  Element sizes: max/min = 1.25e-01/1.25e-01 = 1
  # cut elements by FE order:
  # non-cut elements by FE order: 1:136
  # global unknowns: 251 (196 for the cut elements)
  Total # quadrature points: 58164
  # local nonzeros: max inproc/offproc 96/580, total 11651
  Wall time: 0.028s, memory usage: 0.18GB
Solving linear equations ...
  solver MINRES; nits: 58; residual: 4.8853e-11; time: 0.006738
L2err: 7.0852544093e-08; H1err: 1.3213437823e-06; mem: 0.19GB; time: 0.052
  |u_h-u_H| = 6.93462e-01
Sphere: center=(0.5 0.5 0.5), radius=0.3
Initial refinement (refine0=4): 4096 elements.

********** Level 4, 64 procs, 4096 elems, LIF 1.00, refine time: 0
Resolving/merging interface elements: *** phgXFEMInfo: 4096 elements, 1 part, 1 subdomain, time 0.01795s
  1. Vol's/area by region: [-]:0.113097   [0]:1.13097    [+]:0         
  2. Face areas by region: [-]:5.42514    [0]:0          [+]:45.5749   
  3. # elements by region: [-]:280        [0]:416        [+]:3400      
  To check: total volume == 1[-] + 1[+], total interface area == 1[0] + 2[0]
*** phgXFEMInfo: # total/interface elements in the induced meshes
  M0: 696/416
Building linear equations (4096 elems, FE: Q1/Q1) ...
  Element sizes: max/min = 6.25e-02/6.25e-02 = 1
  # cut elements by FE order:
  # non-cut elements by FE order: 1:696
  # global unknowns: 991 (755 for the cut elements)
  Total # quadrature points: 148840
  # local nonzeros: max inproc/offproc 2316/2920, total 60875
  Wall time: 0.11s, memory usage: 0.19GB
Solving linear equations ...
  solver MINRES; nits: 66; residual: 4.12812e-11; time: 0.007507
L2err: 1.6968401186e-11; H1err: 8.1994261039e-10; mem: 0.19GB; time: 0.087
  |u_h-u_H| = 6.93462e-01
Sphere: center=(0.5 0.5 0.5), radius=0.3
Initial refinement (refine0=5): 32768 elements.

********** Level 5, 64 procs, 32768 elems, LIF 1.00, refine time: 0
Resolving/merging interface elements: *** phgXFEMInfo: 32768 elements, 1 part, 1 subdomain, time 0.0961s
  1. Vol's/area by region: [-]:0.113097   [0]:1.13097    [+]:0         
  2. Face areas by region: [-]:10.8702    [0]:0          [+]:88.1298   
  3. # elements by region: [-]:2920       [0]:1760       [+]:28088     
  To check: total volume == 1[-] + 1[+], total interface area == 1[0] + 2[0]
*** phgXFEMInfo: # total/interface elements in the induced meshes
  M0: 4680/1760
Building linear equations (32768 elems, FE: Q1/Q1) ...
  Element sizes: max/min = 3.12e-02/3.12e-02 = 1
  # cut elements by FE order:
  # non-cut elements by FE order: 1:4680
  # global unknowns: 5737 (3260 for the cut elements)
  Total # quadrature points: 825360
  # local nonzeros: max inproc/offproc 27517/11811, total 411843
  Wall time: 0.66s, memory usage: 0.19GB
Solving linear equations ...
  solver MINRES; nits: 84; residual: 3.91305e-11; time: 0.01722
L2err: 2.0076489801e-12; H1err: 1.2046304306e-10; mem: 0.19GB; time: 0.38
  |u_h-u_H| = 6.93462e-01
Sphere: center=(0.5 0.5 0.5), radius=0.3
Initial refinement (refine0=6): 262144 elements.

********** Level 6, 64 procs, 262144 elems, LIF 1.00, refine time: 0
Resolving/merging interface elements: *** phgXFEMInfo: 262144 elements, 1 part, 1 subdomain, time 0.5712s
  1. Vol's/area by region: [-]:0.113097   [0]:1.13097    [+]:0         
  2. Face areas by region: [-]:21.7142    [0]:0          [+]:173.286   
  3. # elements by region: [-]:26080      [0]:6920       [+]:229144    
  To check: total volume == 1[-] + 1[+], total interface area == 1[0] + 2[0]
*** phgXFEMInfo: # total/interface elements in the induced meshes
  M0: 33000/6920
Building linear equations (262144 elems, FE: Q1/Q1) ...
  Element sizes: max/min = 1.56e-02/1.56e-02 = 1
  # cut elements by FE order:
  # non-cut elements by FE order: 1:33000
  # global unknowns: 36817 (13288 for the cut elements)
  Total # quadrature points: 4469540
  # local nonzeros: max inproc/offproc 253369/42589, total 2921051
  Wall time: 4.5s, memory usage: 0.19GB
Solving linear equations ...
  solver MINRES; nits: 125; residual: 4.45266e-11; time: 0.09151
L2err: 4.4540913156e-12; H1err: 9.3642881271e-11; mem: 0.20GB; time: 1.6
  |u_h-u_H| = 6.93462e-01
Sphere: center=(0.5 0.5 0.5), radius=0.3
Initial refinement (refine0=7): 2097152 elements.

********** Level 7, 64 procs, 2097152 elems, LIF 1.00, refine time: 0
Resolving/merging interface elements: *** phgXFEMInfo: 2097152 elements, 1 part, 1 subdomain, time 3.796s
  1. Vol's/area by region: [-]:0.113097   [0]:1.13097    [+]:0         
  2. Face areas by region: [-]:43.4326    [0]:0          [+]:343.567   
  3. # elements by region: [-]:223448     [0]:27824      [+]:1845880   
  To check: total volume == 1[-] + 1[+], total interface area == 1[0] + 2[0]
*** phgXFEMInfo: # total/interface elements in the induced meshes
  M0: 251272/27824
Building linear equations (2097152 elems, FE: Q1/Q1) ...
  Element sizes: max/min = 7.81e-03/7.81e-03 = 1
  # cut elements by FE order:
  # non-cut elements by FE order: 1:251272
  # global unknowns: 265883 (54458 for the cut elements)
  Total # quadrature points: 27952984
  # local nonzeros: max inproc/offproc 2098291/164428, total 22275323
  Wall time: 34s, memory usage: 0.22GB
Solving linear equations ...
  solver MINRES; nits: 229; residual: 5.22603e-11; time: 1.009
L2err: 1.6388685254e-11; H1err: 2.0178826946e-10; mem: 0.23GB; time: 6.9
  |u_h-u_H| = 6.93462e-01


PS:

Read file <689219.err> for stderr output of this job.

