Sender: LSF System <lsfadmin@c1u24n02>
Subject: Job 689238: <CutFEM> in cluster <cluster1> Done

Job <CutFEM> was submitted from host <ln02> by user <zhanghe> in cluster <cluster1> at Tue Dec 30 00:02:26 2025
Job was executed on host(s) <36*c1u24n02>, in queue <batch>, as user <zhanghe> in cluster <cluster1> at Tue Dec 30 00:02:27 2025
                            <36*c4u08n03>
                            <36*a3u17n02>
                            <36*c3u22n03>
</share/home/zhanghe> was used as the home directory.
</share/home/zhanghe/cutfem_FSI/poisson> was used as the working directory.
Started at Tue Dec 30 00:02:27 2025
Terminated at Tue Dec 30 00:04:48 2025
Results reported at Tue Dec 30 00:04:48 2025

Your job looked like:

------------------------------------------------------------
# LSBATCH: User input
#!/bin/bash

#BSUB -J CutFEM
#BSUB -n 144
#BSUB -o %J.log
#BSUB -e %J.err
#BSUB -W 6000
#BSUB -q batch
#BSUB -R "span[ptile=36]"

for r0 in 2 3 4 5 6 7; do
	mpirun -n 144  ./cutfem -sol_order -100 -refine0 $r0 -dof_type DGQ1 \
 	-solver minres -solver_rtol 1e-12  -solver_btol 1e-12 -solver_cond
done

------------------------------------------------------------

Successfully completed.

Resource usage summary:

    CPU time :                                   17360.00 sec.
    Max Memory :                                 50314 MB
    Average Memory :                             13582.25 MB
    Total Requested Memory :                     -
    Delta Memory :                               -
    Max Swap :                                   1 MB
    Max Processes :                              81
    Max Threads :                                155
    Run time :                                   140 sec.
    Turnaround time :                            142 sec.

The output (if any) follows:

Sphere: center=(0.5 0.5 0.5), radius=0.3
Initial refinement (refine0=2): 64 elements.

********** Level 2, 144 procs, 64 elems, LIF 2.25, refine time: 0
Resolving/merging interface elements: *** phgXFEMInfo: 64 elements, 1 part, 1 subdomain, time 0.009269s
  1. Vol's/area by region: [-]:0.886903   [0]:1.13097    [+]:0         
  2. Face areas by region: [-]:13.6334    [0]:0          [+]:1.36659   
  3. # elements by region: [-]:32         [0]:32         [+]:0         
  To check: total volume == 1[-] + 1[+], total interface area == 1[0] + 2[0]
*** phgXFEMInfo: # total/interface elements in the induced meshes
  M0: 64/32
Building linear equations (64 elems, FE: DGQ1/DGQ1) ...
  Element sizes: max/min = 2.50e-01/2.50e-01 = 1
  # cut elements by FE order:
  # non-cut elements by FE order: 1:64
  # global unknowns: 512 (256 for the cut elements)
  Total # quadrature points: 78056
  # local nonzeros: max inproc/offproc 64/384, total 22528
  Wall time: 0.021s, memory usage: 0.19GB
Solving linear equations ...
  solver MINRES; nits: 72; residual: 3.49075e-11; time: 0.1464
  Condition number: 8.79e+03
L2err: 4.0356127239e-02; H1err: 6.2269567885e-02; mem: 0.19GB; time: 0.061
  |u_h-u_H| = 4.94410e-01
Sphere: center=(0.5 0.5 0.5), radius=0.3
Initial refinement (refine0=3): 512 elements.

********** Level 3, 144 procs, 512 elems, LIF 1.12, refine time: 0
Resolving/merging interface elements: *** phgXFEMInfo: 512 elements, 1 part, 1 subdomain, time 0.006107s
  1. Vol's/area by region: [-]:0.886903   [0]:1.13097    [+]:0         
  2. Face areas by region: [-]:24.2315    [0]:0          [+]:2.76853   
  3. # elements by region: [-]:376        [0]:128        [+]:8         
  To check: total volume == 1[-] + 1[+], total interface area == 1[0] + 2[0]
*** phgXFEMInfo: # total/interface elements in the induced meshes
  M0: 504/128
Building linear equations (512 elems, FE: DGQ1/DGQ1) ...
  Element sizes: max/min = 1.25e-01/1.25e-01 = 1
  # cut elements by FE order:
  # non-cut elements by FE order: 1:504
  # global unknowns: 4032 (1024 for the cut elements)
  Total # quadrature points: 113508
  # local nonzeros: max inproc/offproc 768/1216, total 196672
  Wall time: 0.018s, memory usage: 0.19GB
Solving linear equations ...
  solver MINRES; nits: 189; residual: 3.18259e-11; time: 0.1461
  Condition number: 4.05e+11
L2err: 9.2999865044e-03; H1err: 1.7794544937e-02; mem: 0.20GB; time: 0.041
  |u_h-u_H| = 4.94425e-01
Sphere: center=(0.5 0.5 0.5), radius=0.3
Initial refinement (refine0=4): 4096 elements.

********** Level 4, 144 procs, 4096 elems, LIF 1.02, refine time: 0
Resolving/merging interface elements: *** phgXFEMInfo: 4096 elements, 1 part, 1 subdomain, time 0.00954s
  1. Vol's/area by region: [-]:0.886903   [0]:1.13097    [+]:0         
  2. Face areas by region: [-]:45.5749    [0]:0          [+]:5.42514   
  3. # elements by region: [-]:3400       [0]:416        [+]:280       
  To check: total volume == 1[-] + 1[+], total interface area == 1[0] + 2[0]
*** phgXFEMInfo: # total/interface elements in the induced meshes
  M0: 3816/416
Building linear equations (4096 elems, FE: DGQ1/DGQ1) ...
  Element sizes: max/min = 6.25e-02/6.25e-02 = 1
  # cut elements by FE order:
  # non-cut elements by FE order: 1:3816
  # global unknowns: 30528 (3328 for the cut elements)
  Total # quadrature points: 448400
  # local nonzeros: max inproc/offproc 8896/4864, total 1593536
  Wall time: 0.046s, memory usage: 0.20GB
Solving linear equations ...
  solver MINRES; nits: 319; residual: 2.90502e-11; time: 0.1789
  Condition number: 3.89e+09
L2err: 2.2135942969e-03; H1err: 5.0728253527e-03; mem: 0.20GB; time: 0.048
  |u_h-u_H| = 4.94046e-01
Sphere: center=(0.5 0.5 0.5), radius=0.3
Initial refinement (refine0=5): 32768 elements.

********** Level 5, 144 procs, 32768 elems, LIF 1.02, refine time: 0
Resolving/merging interface elements: *** phgXFEMInfo: 32768 elements, 1 part, 1 subdomain, time 0.05087s
  1. Vol's/area by region: [-]:0.886903   [0]:1.13097    [+]:0         
  2. Face areas by region: [-]:88.1298    [0]:0          [+]:10.8702   
  3. # elements by region: [-]:28088      [0]:1760       [+]:2920      
  To check: total volume == 1[-] + 1[+], total interface area == 1[0] + 2[0]
*** phgXFEMInfo: # total/interface elements in the induced meshes
  M0: 29848/1760
Building linear equations (32768 elems, FE: DGQ1/DGQ1) ...
  Element sizes: max/min = 3.12e-02/3.12e-02 = 1
  # cut elements by FE order:
  # non-cut elements by FE order: 1:29848
  # global unknowns: 238784 (14080 for the cut elements)
  Total # quadrature points: 3038504
  # local nonzeros: max inproc/offproc 87552/19328, total 12903744
  Wall time: 0.3s, memory usage: 0.20GB
Solving linear equations ...
  solver MINRES; nits: 632; residual: 2.72311e-11; time: 0.9551
  Condition number: 2.73e+11
L2err: 5.2943934048e-04; H1err: 1.8774006035e-03; mem: 0.20GB; time: 0.21
  |u_h-u_H| = 4.93912e-01
Sphere: center=(0.5 0.5 0.5), radius=0.3
Initial refinement (refine0=6): 262144 elements.

********** Level 6, 144 procs, 262144 elems, LIF 1.02, refine time: 0
Resolving/merging interface elements: *** phgXFEMInfo: 262144 elements, 1 part, 1 subdomain, time 0.2961s
  1. Vol's/area by region: [-]:0.886903   [0]:1.13097    [+]:0         
  2. Face areas by region: [-]:173.286    [0]:0          [+]:21.7142   
  3. # elements by region: [-]:229144     [0]:6920       [+]:26080     
  To check: total volume == 1[-] + 1[+], total interface area == 1[0] + 2[0]
*** phgXFEMInfo: # total/interface elements in the induced meshes
  M0: 236064/6920
Building linear equations (262144 elems, FE: DGQ1/DGQ1) ...
  Element sizes: max/min = 1.56e-02/1.56e-02 = 1
  # cut elements by FE order:
  # non-cut elements by FE order: 1:236064
  # global unknowns: 1888512 (55360 for the cut elements)
  Total # quadrature points: 21728452
  # local nonzeros: max inproc/offproc 765952/76480, total 103979264
  Wall time: 2.1s, memory usage: 0.22GB
Solving linear equations ...
  solver MINRES; nits: 1280; residual: 2.78046e-11; time: 4.784
  Condition number: 4.33e+16
L2err: 1.2940761129e-04; H1err: 6.6886673748e-04; mem: 0.25GB; time: 0.96
  |u_h-u_H| = 4.93870e-01
Sphere: center=(0.5 0.5 0.5), radius=0.3
Initial refinement (refine0=7): 2097152 elements.

********** Level 7, 144 procs, 2097152 elems, LIF 1.02, refine time: 0
Resolving/merging interface elements: *** phgXFEMInfo: 2097152 elements, 1 part, 1 subdomain, time 1.807s
  1. Vol's/area by region: [-]:0.886903   [0]:1.13097    [+]:0         
  2. Face areas by region: [-]:343.567    [0]:0          [+]:43.4326   
  3. # elements by region: [-]:1845880    [0]:27824      [+]:223448    
  To check: total volume == 1[-] + 1[+], total interface area == 1[0] + 2[0]
*** phgXFEMInfo: # total/interface elements in the induced meshes
  M0: 1873704/27824
Building linear equations (2097152 elems, FE: DGQ1/DGQ1) ...
  Element sizes: max/min = 7.81e-03/7.81e-03 = 1
  # cut elements by FE order:
  # non-cut elements by FE order: 1:1873704
  # global unknowns: 14989632 (222592 for the cut elements)
  Total # quadrature points: 164035840
  # local nonzeros: max inproc/offproc 6389760/303744, total 833193664
  Wall time: 17s, memory usage: 0.31GB
Solving linear equations ...
  solver MINRES; nits: 2500; residual: 3.65874e-11; time: 65.69
  Condition number: 6.07e+17
L2err: 3.1969121062e-05; H1err: 2.3618261221e-04; mem: 0.57GB; time: 3.9
  |u_h-u_H| = 4.93859e-01


PS:

Read file <689238.err> for stderr output of this job.

