Sender: LSF System <lsfadmin@c3u22n03>
Subject: Job 689240: <CutFEM> in cluster <cluster1> Done

Job <CutFEM> was submitted from host <ln02> by user <zhanghe> in cluster <cluster1> at Tue Dec 30 00:36:31 2025
Job was executed on host(s) <36*c3u22n03>, in queue <batch>, as user <zhanghe> in cluster <cluster1> at Tue Dec 30 00:34:07 2025
                            <36*c4u08n03>
                            <36*a6u24n01>
                            <36*c3u08n03>
</share/home/zhanghe> was used as the home directory.
</share/home/zhanghe/cutfem_FSI/poisson> was used as the working directory.
Started at Tue Dec 30 00:34:07 2025
Terminated at Tue Dec 30 00:35:44 2025
Results reported at Tue Dec 30 00:35:44 2025

Your job looked like:

------------------------------------------------------------
# LSBATCH: User input
#!/bin/bash

#BSUB -J CutFEM
#BSUB -n 144
#BSUB -o %J.log
#BSUB -e %J.err
#BSUB -W 6000
#BSUB -q batch
#BSUB -R "span[ptile=36]"

for r0 in 2 3 4 5 6 7; do
	mpirun -n 144  ./cutfem -sol_order -1 -refine0 $r0 -dof_type DGQ1 \
 	-solver minres -solver_rtol 1e-12  -solver_btol 1e-12 -solver_cond
done

------------------------------------------------------------

Successfully completed.

Resource usage summary:

    CPU time :                                   11714.00 sec.
    Max Memory :                                 6942 MB
    Average Memory :                             5111.20 MB
    Total Requested Memory :                     -
    Delta Memory :                               -
    Max Swap :                                   1 MB
    Max Processes :                              7
    Max Threads :                                9
    Run time :                                   97 sec.
    Turnaround time :                            0 sec.

The output (if any) follows:

Sphere: center=(0.5 0.5 0.5), radius=0.3
Initial refinement (refine0=2): 64 elements.

********** Level 2, 144 procs, 64 elems, LIF 2.25, refine time: 0
Resolving/merging interface elements: *** phgXFEMInfo: 64 elements, 1 part, 1 subdomain, time 0.00915s
  1. Vol's/area by region: [-]:0.113097   [0]:1.13097    [+]:0         
  2. Face areas by region: [-]:1.36659    [0]:0          [+]:13.6334   
  3. # elements by region: [-]:0          [0]:32         [+]:32        
  To check: total volume == 1[-] + 1[+], total interface area == 1[0] + 2[0]
*** phgXFEMInfo: # total/interface elements in the induced meshes
  M0: 32/32
Building linear equations (64 elems, FE: DGQ1/DGQ1) ...
  Element sizes: max/min = 2.50e-01/2.50e-01 = 1
  # cut elements by FE order:
  # non-cut elements by FE order: 1:32
  # global unknowns: 256 (256 for the cut elements)
  Total # quadrature points: 52800
  # local nonzeros: max inproc/offproc 64/384, total 9984
  Wall time: 0.02s, memory usage: 0.20GB
Solving linear equations ...
  solver MINRES; nits: 108; residual: 6.22741e-12; time: 0.3467
  Condition number: 6.45e+05
L2err: 1.1563453277e-03; H1err: 1.0119503852e-02; mem: 0.20GB; time: 0.062
  |u_h-u_H| = 3.33008e-01
Sphere: center=(0.5 0.5 0.5), radius=0.3
Initial refinement (refine0=3): 512 elements.

********** Level 3, 144 procs, 512 elems, LIF 1.12, refine time: 0
Resolving/merging interface elements: *** phgXFEMInfo: 512 elements, 1 part, 1 subdomain, time 0.006012s
  1. Vol's/area by region: [-]:0.113097   [0]:1.13097    [+]:0         
  2. Face areas by region: [-]:2.76853    [0]:0          [+]:24.2315   
  3. # elements by region: [-]:8          [0]:128        [+]:376       
  To check: total volume == 1[-] + 1[+], total interface area == 1[0] + 2[0]
*** phgXFEMInfo: # total/interface elements in the induced meshes
  M0: 136/128
Building linear equations (512 elems, FE: DGQ1/DGQ1) ...
  Element sizes: max/min = 1.25e-01/1.25e-01 = 1
  # cut elements by FE order:
  # non-cut elements by FE order: 1:136
  # global unknowns: 1088 (1024 for the cut elements)
  Total # quadrature points: 58164
  # local nonzeros: max inproc/offproc 768/1280, total 51648
  Wall time: 0.017s, memory usage: 0.19GB
Solving linear equations ...
  solver MINRES; nits: 204; residual: 1.1898e-11; time: 0.3476
  Condition number: 5.81e+06
L2err: 2.2345274312e-04; H1err: 3.9271617722e-03; mem: 0.19GB; time: 0.039
  |u_h-u_H| = 3.33061e-01
Sphere: center=(0.5 0.5 0.5), radius=0.3
Initial refinement (refine0=4): 4096 elements.

********** Level 4, 144 procs, 4096 elems, LIF 1.02, refine time: 9.537e-07
Resolving/merging interface elements: *** phgXFEMInfo: 4096 elements, 1 part, 1 subdomain, time 0.00923s
  1. Vol's/area by region: [-]:0.113097   [0]:1.13097    [+]:0         
  2. Face areas by region: [-]:5.42514    [0]:0          [+]:45.5749   
  3. # elements by region: [-]:280        [0]:416        [+]:3400      
  To check: total volume == 1[-] + 1[+], total interface area == 1[0] + 2[0]
*** phgXFEMInfo: # total/interface elements in the induced meshes
  M0: 696/416
Building linear equations (4096 elems, FE: DGQ1/DGQ1) ...
  Element sizes: max/min = 6.25e-02/6.25e-02 = 1
  # cut elements by FE order:
  # non-cut elements by FE order: 1:696
  # global unknowns: 5568 (3328 for the cut elements)
  Total # quadrature points: 148840
  # local nonzeros: max inproc/offproc 8896/4544, total 305216
  Wall time: 0.049s, memory usage: 0.19GB
Solving linear equations ...
  solver MINRES; nits: 320; residual: 1.05538e-11; time: 0.1573
  Condition number: 5.07e+09
L2err: 5.2608311550e-05; H1err: 1.2330236486e-03; mem: 0.19GB; time: 0.05
  |u_h-u_H| = 3.33088e-01
Sphere: center=(0.5 0.5 0.5), radius=0.3
Initial refinement (refine0=5): 32768 elements.

********** Level 5, 144 procs, 32768 elems, LIF 1.02, refine time: 0
Resolving/merging interface elements: *** phgXFEMInfo: 32768 elements, 1 part, 1 subdomain, time 0.05053s
  1. Vol's/area by region: [-]:0.113097   [0]:1.13097    [+]:0         
  2. Face areas by region: [-]:10.8702    [0]:0          [+]:88.1298   
  3. # elements by region: [-]:2920       [0]:1760       [+]:28088     
  To check: total volume == 1[-] + 1[+], total interface area == 1[0] + 2[0]
*** phgXFEMInfo: # total/interface elements in the induced meshes
  M0: 4680/1760
Building linear equations (32768 elems, FE: DGQ1/DGQ1) ...
  Element sizes: max/min = 3.12e-02/3.12e-02 = 1
  # cut elements by FE order:
  # non-cut elements by FE order: 1:4680
  # global unknowns: 37440 (14080 for the cut elements)
  Total # quadrature points: 825360
  # local nonzeros: max inproc/offproc 86800/16832, total 2193856
  Wall time: 0.3s, memory usage: 0.20GB
Solving linear equations ...
  solver MINRES; nits: 575; residual: 1.62614e-11; time: 0.696
  Condition number: 3.25e+09
L2err: 1.2891576412e-05; H1err: 4.1755675654e-04; mem: 0.20GB; time: 0.22
  |u_h-u_H| = 3.33095e-01
Sphere: center=(0.5 0.5 0.5), radius=0.3
Initial refinement (refine0=6): 262144 elements.

********** Level 6, 144 procs, 262144 elems, LIF 1.02, refine time: 0
Resolving/merging interface elements: *** phgXFEMInfo: 262144 elements, 1 part, 1 subdomain, time 0.2936s
  1. Vol's/area by region: [-]:0.113097   [0]:1.13097    [+]:0         
  2. Face areas by region: [-]:21.7142    [0]:0          [+]:173.286   
  3. # elements by region: [-]:26080      [0]:6920       [+]:229144    
  To check: total volume == 1[-] + 1[+], total interface area == 1[0] + 2[0]
*** phgXFEMInfo: # total/interface elements in the induced meshes
  M0: 33000/6920
Building linear equations (262144 elems, FE: DGQ1/DGQ1) ...
  Element sizes: max/min = 1.56e-02/1.56e-02 = 1
  # cut elements by FE order:
  # non-cut elements by FE order: 1:33000
  # global unknowns: 264000 (55360 for the cut elements)
  Total # quadrature points: 4469540
  # local nonzeros: max inproc/offproc 751136/64640, total 16144064
  Wall time: 2.1s, memory usage: 0.20GB
Solving linear equations ...
  solver MINRES; nits: 1068; residual: 2.32491e-11; time: 7.489
  Condition number: 8.40e+10
L2err: 3.2201280577e-06; H1err: 1.3820334029e-04; mem: 0.20GB; time: 1
  |u_h-u_H| = 3.33097e-01
Sphere: center=(0.5 0.5 0.5), radius=0.3
Initial refinement (refine0=7): 2097152 elements.

********** Level 7, 144 procs, 2097152 elems, LIF 1.02, refine time: 0
Resolving/merging interface elements: *** phgXFEMInfo: 2097152 elements, 1 part, 1 subdomain, time 1.825s
  1. Vol's/area by region: [-]:0.113097   [0]:1.13097    [+]:0         
  2. Face areas by region: [-]:43.4326    [0]:0          [+]:343.567   
  3. # elements by region: [-]:223448     [0]:27824      [+]:1845880   
  To check: total volume == 1[-] + 1[+], total interface area == 1[0] + 2[0]
*** phgXFEMInfo: # total/interface elements in the induced meshes
  M0: 251272/27824
Building linear equations (2097152 elems, FE: DGQ1/DGQ1) ...
  Element sizes: max/min = 7.81e-03/7.81e-03 = 1
  # cut elements by FE order:
  # non-cut elements by FE order: 1:251272
  # global unknowns: 2010176 (222592 for the cut elements)
  Total # quadrature points: 27952984
  # local nonzeros: max inproc/offproc 6242200/256704, total 125496768
  Wall time: 16s, memory usage: 0.22GB
Solving linear equations ...
  solver MINRES; nits: 2036; residual: 3.27947e-11; time: 24.65
  Condition number: 1.00e+17
L2err: 8.0616590205e-07; H1err: 4.7838585069e-05; mem: 0.23GB; time: 4.1
  |u_h-u_H| = 3.33097e-01


PS:

Read file <689240.err> for stderr output of this job.

