Sender: LSF System <lsfadmin@c4u10n03>
Subject: Job 697284: <CutFEM> in cluster <cluster1> Exited

Job <CutFEM> was submitted from host <ln02> by user <zhanghe> in cluster <cluster1> at Sun Jan  4 22:31:59 2026
Job was executed on host(s) <36*c4u10n03>, in queue <batch>, as user <zhanghe> in cluster <cluster1> at Sun Jan  4 22:31:59 2026
                            <36*a6u17n01>
                            <36*a6u15n01>
                            <36*c6u24n04>
                            <36*c1u19n03>
                            <36*a3u01n01>
                            <36*c1u22n02>
                            <36*c6u05n01>
</share/home/zhanghe> was used as the home directory.
</share/home/zhanghe/cutfem_FSI/poisson> was used as the working directory.
Started at Sun Jan  4 22:31:59 2026
Terminated at Sun Jan  4 22:34:53 2026
Results reported at Sun Jan  4 22:34:53 2026

Your job looked like:

------------------------------------------------------------
# LSBATCH: User input
#!/bin/bash

#BSUB -J CutFEM
#BSUB -n 288
#BSUB -o %J.log
#BSUB -e %J.err
#BSUB -W 6000
#BSUB -q batch
#BSUB -R "span[ptile=36]"

for r0 in 1 2 3 4 5 6; do
	mpirun -n 144  ./cutfem -sol_order -1 -refine0 $r0 -dof_type Q3  \
 	-solver mumps -mumps_fillin 600 -solver_cond  \
	-gp_type 1 -coeff1 1.0 -gamma2 0.1 
	-coeff2 1.0 +interior_only  
done

------------------------------------------------------------

TERM_OWNER: job killed by owner.
Exited with signal termination: 9.

Resource usage summary:

    CPU time :                                   19010.00 sec.
    Max Memory :                                 25888 MB
    Average Memory :                             8201.96 MB
    Total Requested Memory :                     -
    Delta Memory :                               -
    Max Swap :                                   1 MB
    Max Processes :                              118
    Max Threads :                                228
    Run time :                                   173 sec.
    Turnaround time :                            174 sec.

The output (if any) follows:

Sphere: center=(0.5 0.5 0.5), radius=0.3
Initial refinement (refine0=1): 8 elements.

********** Level 1, 144 procs, 8 elems, LIF 18.00, refine time: 0
Resolving/merging interface elements: *** phgXFEMInfo: 8 elements, 1 part, 1 subdomain, time 0.05575s
  1. Vol's/area by region: [-]:0.113097   [0]:1.13097    [+]:0         
  2. Face areas by region: [-]:0.84823    [0]:0          [+]:8.15177   
  3. # elements by region: [-]:0          [0]:8          [+]:0         
  To check: total volume == 1[-] + 1[+], total interface area == 1[0] + 2[0]
*** phgXFEMInfo: # total/interface elements in the induced meshes
  M0: 8/8
Building linear equations (8 elems, FE: Q3/Q3) ...
  Element sizes: max/min = 5.00e-01/5.00e-01 = 1
  # cut elements by FE order:
  # non-cut elements by FE order: 3:8
  # global unknowns: 343 (343 for the cut elements)
  Total # quadrature points: 230104
  # local nonzeros: max inproc/offproc 3364/11184, total 81685
  Wall time: 1s, memory usage: 0.20GB
Solving linear equations ...
  solver MUMPS; nits: 1; residual: 0; time: 0.1412
  Condition number: 8.41e+12
L2err: 4.8563534950e-07; H1err: 1.0452016014e-05; mem: 0.21GB; time: 1
  |u_h-u_H| = 3.33098e-01
Sphere: center=(0.5 0.5 0.5), radius=0.3
Initial refinement (refine0=2): 64 elements.

********** Level 2, 144 procs, 64 elems, LIF 2.25, refine time: 0
Resolving/merging interface elements: *** phgXFEMInfo: 64 elements, 1 part, 1 subdomain, time 0.03838s
  1. Vol's/area by region: [-]:0.113097   [0]:1.13097    [+]:0         
  2. Face areas by region: [-]:1.36659    [0]:0          [+]:13.6334   
  3. # elements by region: [-]:0          [0]:32         [+]:32        
  To check: total volume == 1[-] + 1[+], total interface area == 1[0] + 2[0]
*** phgXFEMInfo: # total/interface elements in the induced meshes
  M0: 32/32
Building linear equations (64 elems, FE: Q3/Q3) ...
  Element sizes: max/min = 2.50e-01/2.50e-01 = 1
  # cut elements by FE order:
  # non-cut elements by FE order: 3:32
  # global unknowns: 1225 (973 for the cut elements)
  Total # quadrature points: 234808
  # local nonzeros: max inproc/offproc 1444/15498, total 373375
  Wall time: 0.84s, memory usage: 0.19GB
Solving linear equations ...
  solver MUMPS; nits: 1; residual: 0; time: 0.1722
  Condition number: 2.16e+16
L2err: 2.3922241487e-08; H1err: 9.9588821613e-07; mem: 0.22GB; time: 0.84
  |u_h-u_H| = 3.33098e-01
Sphere: center=(0.5 0.5 0.5), radius=0.3
Initial refinement (refine0=3): 512 elements.

********** Level 3, 144 procs, 512 elems, LIF 1.12, refine time: 0
Resolving/merging interface elements: *** phgXFEMInfo: 512 elements, 1 part, 1 subdomain, time 0.02089s
  1. Vol's/area by region: [-]:0.113097   [0]:1.13097    [+]:0         
  2. Face areas by region: [-]:2.76853    [0]:0          [+]:24.2315   
  3. # elements by region: [-]:8          [0]:128        [+]:376       
  To check: total volume == 1[-] + 1[+], total interface area == 1[0] + 2[0]
*** phgXFEMInfo: # total/interface elements in the induced meshes
  M0: 136/128
Building linear equations (512 elems, FE: Q3/Q3) ...
  Element sizes: max/min = 1.25e-01/1.25e-01 = 1
  # cut elements by FE order:
  # non-cut elements by FE order: 3:136
  # global unknowns: 4591 (3764 for the cut elements)
  Total # quadrature points: 244924
  # local nonzeros: max inproc/offproc 11084/49878, total 1797895
  Wall time: 0.8s, memory usage: 0.20GB
Solving linear equations ...
  solver MUMPS; nits: 1; residual: 0; time: 0.8276
  Condition number: 7.24e+18
L2err: 1.8923740271e-09; H1err: 1.0197110666e-06; mem: 0.26GB; time: 0.65
  |u_h-u_H| = 3.33098e-01
Sphere: center=(0.5 0.5 0.5), radius=0.3
Initial refinement (refine0=4): 4096 elements.

********** Level 4, 144 procs, 4096 elems, LIF 1.02, refine time: 0
Resolving/merging interface elements: *** phgXFEMInfo: 4096 elements, 1 part, 1 subdomain, time 0.0161s
  1. Vol's/area by region: [-]:0.113097   [0]:1.13097    [+]:0         
  2. Face areas by region: [-]:5.42514    [0]:0          [+]:45.5749   
  3. # elements by region: [-]:280        [0]:416        [+]:3400      
  To check: total volume == 1[-] + 1[+], total interface area == 1[0] + 2[0]
*** phgXFEMInfo: # total/interface elements in the induced meshes
  M0: 696/416
Building linear equations (4096 elems, FE: Q3/Q3) ...
  Element sizes: max/min = 6.25e-02/6.25e-02 = 1
  # cut elements by FE order:
  # non-cut elements by FE order: 3:696
  # global unknowns: 21259 (13594 for the cut elements)
  Total # quadrature points: 371112
  # local nonzeros: max inproc/offproc 186144/254257, total 10019287
  Wall time: 2.7s, memory usage: 0.20GB
Solving linear equations ...
  solver MUMPS; nits: 1; residual: 0; time: 3.133
  Condition number: 9.73e+24
L2err: 8.9208828228e-11; H1err: 1.4603878650e-07; mem: 0.39GB; time: 0.67
  |u_h-u_H| = 3.33098e-01
Sphere: center=(0.5 0.5 0.5), radius=0.3
Initial refinement (refine0=5): 32768 elements.

********** Level 5, 144 procs, 32768 elems, LIF 1.02, refine time: 0
Resolving/merging interface elements: *** phgXFEMInfo: 32768 elements, 1 part, 1 subdomain, time 0.09145s
  1. Vol's/area by region: [-]:0.113097   [0]:1.13097    [+]:0         
  2. Face areas by region: [-]:10.8702    [0]:0          [+]:88.1298   
  3. # elements by region: [-]:2920       [0]:1760       [+]:28088     
  To check: total volume == 1[-] + 1[+], total interface area == 1[0] + 2[0]
*** phgXFEMInfo: # total/interface elements in the induced meshes
  M0: 4680/1760
Building linear equations (32768 elems, FE: Q3/Q3) ...
  Element sizes: max/min = 3.12e-02/3.12e-02 = 1
  # cut elements by FE order:
  # non-cut elements by FE order: 3:4680
  # global unknowns: 135505 (59687 for the cut elements)
  Total # quadrature points: 2069264
  # local nonzeros: max inproc/offproc 2432990/1144658, total 70131835
  Wall time: 18s, memory usage: 0.20GB
Solving linear equations ...
  solver MUMPS; nits: 1; residual: 0; time: 21.9
  Condition number: 3.61e+26
L2err: 9.0057716415e-10; H1err: 5.1384347336e-06; mem: 1.14GB; time: 2.9
  |u_h-u_H| = 3.33098e-01
Sphere: center=(0.5 0.5 0.5), radius=0.3
Initial refinement (refine0=6): 262144 elements.

********** Level 6, 144 procs, 262144 elems, LIF 1.02, refine time: 0
Resolving/merging interface elements: *** phgXFEMInfo: 262144 elements, 1 part, 1 subdomain, time 0.5248s
  1. Vol's/area by region: [-]:0.113097   [0]:1.13097    [+]:0         
  2. Face areas by region: [-]:21.7142    [0]:0          [+]:173.286   
  3. # elements by region: [-]:26080      [0]:6920       [+]:229144    
  To check: total volume == 1[-] + 1[+], total interface area == 1[0] + 2[0]
*** phgXFEMInfo: # total/interface elements in the induced meshes
  M0: 33000/6920
Building linear equations (262144 elems, FE: Q3/Q3) ...
  Element sizes: max/min = 1.56e-02/1.56e-02 = 1


PS:

Read file <697284.err> for stderr output of this job.

