Sender: LSF System <lsfadmin@c6u22n04>
Subject: Job 709763: <CutFEM> in cluster <cluster1> Done

Job <CutFEM> was submitted from host <ln02> by user <zhanghe> in cluster <cluster1> at Sat Feb 14 23:20:15 2026
Job was executed on host(s) <36*c6u22n04>, in queue <batch>, as user <zhanghe> in cluster <cluster1> at Sat Feb 14 23:20:02 2026
                            <36*c1u22n01>
                            <36*c3u05n02>
                            <36*c6u05n02>
                            <36*c3u01n04>
                            <36*c4u12n02>
                            <36*c6u05n04>
                            <36*a3u24n02>
</share/home/zhanghe> was used as the home directory.
</share/home/zhanghe/cutfem_FSI/poisson> was used as the working directory.
Started at Sat Feb 14 23:20:02 2026
Terminated at Sat Feb 14 23:24:32 2026
Results reported at Sat Feb 14 23:24:32 2026

Your job looked like:

------------------------------------------------------------
# LSBATCH: User input
#!/bin/bash

#BSUB -J CutFEM
#BSUB -n 288
#BSUB -o %J.log
#BSUB -e %J.err
#BSUB -W 6000
#BSUB -q batch
#BSUB -R "span[ptile=36]"

for r0 in 1 2 3 4 5 6 7; do
#  for gp in 1 5 10;do
	mpirun -n 144  ./cutfem -sol_order -1 -refine0 $r0 -dof_type Q2 \
 	-solver minres -solver_cond \
	gp_type 1 -coeff1 0.5 -gamma2 0.1
#	-coeff2 2.0 +interior_only
#	>> Q2_gp1_$gp.log
#  done
done

------------------------------------------------------------

Successfully completed.

Resource usage summary:

    CPU time :                                   36128.00 sec.
    Max Memory :                                 32548 MB
    Average Memory :                             15839.97 MB
    Total Requested Memory :                     -
    Delta Memory :                               -
    Max Swap :                                   1 MB
    Max Processes :                              155
    Max Threads :                                301
    Run time :                                   269 sec.
    Turnaround time :                            257 sec.

The output (if any) follows:

Sphere: center=(0.5 0.5 0.5), radius=0.3
Initial refinement (refine0=1): 8 elements.

********** Level 1, 144 procs, 8 elems, LIF 18.00, refine time: 0
Resolving/merging interface elements: *** phgXFEMInfo: 8 elements, 1 part, 1 subdomain, time 0.08535s
  1. Vol's/area by region: [-]:0.113097   [0]:1.13097    [+]:0         
  2. Face areas by region: [-]:0.84823    [0]:0          [+]:8.15177   
  3. # elements by region: [-]:0          [0]:8          [+]:0         
  To check: total volume == 1[-] + 1[+], total interface area == 1[0] + 2[0]
*** phgXFEMInfo: # total/interface elements in the induced meshes
  M0: 8/8
Building linear equations (8 elems, FE: Q2/Q2) ...
  Element sizes: max/min = 5.00e-01/5.00e-01 = 1
  # cut elements by FE order:
  # non-cut elements by FE order: 2:8
  # global unknowns: 125 (125 for the cut elements)
  Total # quadrature points: 339456
  # local nonzeros: max inproc/offproc 484/1674, total 11849
  Wall time: 0.45s, memory usage: 0.19GB
Solving linear equations ...
  solver MINRES; nits: 61; residual: 2.3101e-12; time: 0.04339
  Condition number: 2.01e+07
L2err: 1.4430613444e-05; H1err: 1.8172939352e-04; mem: 0.19GB; time: 0.91
  |u_h-u_H| = 3.33098e-01
Sphere: center=(0.5 0.5 0.5), radius=0.3
Initial refinement (refine0=2): 64 elements.

********** Level 2, 144 procs, 64 elems, LIF 2.25, refine time: 0
Resolving/merging interface elements: *** phgXFEMInfo: 64 elements, 1 part, 1 subdomain, time 0.05774s
  1. Vol's/area by region: [-]:0.113097   [0]:1.13097    [+]:0         
  2. Face areas by region: [-]:1.36659    [0]:0          [+]:13.6334   
  3. # elements by region: [-]:0          [0]:32         [+]:32        
  To check: total volume == 1[-] + 1[+], total interface area == 1[0] + 2[0]
*** phgXFEMInfo: # total/interface elements in the induced meshes
  M0: 32/32
Building linear equations (64 elems, FE: Q2/Q2) ...
  Element sizes: max/min = 2.50e-01/2.50e-01 = 1
  # cut elements by FE order:
  # non-cut elements by FE order: 2:32
  # global unknowns: 425 (302 for the cut elements)
  Total # quadrature points: 345600
  # local nonzeros: max inproc/offproc 144/2152, total 52953
  Wall time: 0.37s, memory usage: 0.20GB
Solving linear equations ...
  solver MINRES; nits: 85; residual: 2.0327e-12; time: 0.0577
  Condition number: 8.46e+04
L2err: 1.9611479370e-06; H1err: 5.5388569658e-05; mem: 0.20GB; time: 0.69
  |u_h-u_H| = 3.33098e-01
Sphere: center=(0.5 0.5 0.5), radius=0.3
Initial refinement (refine0=3): 512 elements.

********** Level 3, 144 procs, 512 elems, LIF 1.12, refine time: 0
Resolving/merging interface elements: *** phgXFEMInfo: 512 elements, 1 part, 1 subdomain, time 0.03297s
  1. Vol's/area by region: [-]:0.113097   [0]:1.13097    [+]:0         
  2. Face areas by region: [-]:2.76853    [0]:0          [+]:24.2315   
  3. # elements by region: [-]:8          [0]:128        [+]:376       
  To check: total volume == 1[-] + 1[+], total interface area == 1[0] + 2[0]
*** phgXFEMInfo: # total/interface elements in the induced meshes
  M0: 136/128
Building linear equations (512 elems, FE: Q2/Q2) ...
  Element sizes: max/min = 1.25e-01/1.25e-01 = 1
  # cut elements by FE order:
  # non-cut elements by FE order: 2:136
  # global unknowns: 1509 (1157 for the cut elements)
  Total # quadrature points: 357848
  # local nonzeros: max inproc/offproc 1133/7028, total 243773
  Wall time: 0.27s, memory usage: 0.20GB
Solving linear equations ...
  solver MINRES; nits: 137; residual: 6.09034e-12; time: 0.1762
  Condition number: 3.08e+04
L2err: 1.7419832616e-07; H1err: 1.0135007081e-05; mem: 0.20GB; time: 0.44
  |u_h-u_H| = 3.33098e-01
Sphere: center=(0.5 0.5 0.5), radius=0.3
Initial refinement (refine0=4): 4096 elements.

********** Level 4, 144 procs, 4096 elems, LIF 1.02, refine time: 0
Resolving/merging interface elements: *** phgXFEMInfo: 4096 elements, 1 part, 1 subdomain, time 0.02435s
  1. Vol's/area by region: [-]:0.113097   [0]:1.13097    [+]:0         
  2. Face areas by region: [-]:5.42514    [0]:0          [+]:45.5749   
  3. # elements by region: [-]:280        [0]:416        [+]:3400      
  To check: total volume == 1[-] + 1[+], total interface area == 1[0] + 2[0]
*** phgXFEMInfo: # total/interface elements in the induced meshes
  M0: 696/416
Building linear equations (4096 elems, FE: Q2/Q2) ...
  Element sizes: max/min = 6.25e-02/6.25e-02 = 1
  # cut elements by FE order:
  # non-cut elements by FE order: 2:696
  # global unknowns: 6685 (4395 for the cut elements)
  Total # quadrature points: 511880
  # local nonzeros: max inproc/offproc 17200/25928, total 1033317
  Wall time: 0.37s, memory usage: 0.20GB
Solving linear equations ...
  solver MINRES; nits: 179; residual: 6.27025e-12; time: 1.322
  Condition number: 3.50e+04
L2err: 1.3759389712e-08; H1err: 1.6170886406e-06; mem: 0.20GB; time: 0.35
  |u_h-u_H| = 3.33098e-01
Sphere: center=(0.5 0.5 0.5), radius=0.3
Initial refinement (refine0=5): 32768 elements.

********** Level 5, 144 procs, 32768 elems, LIF 1.02, refine time: 0
Resolving/merging interface elements: *** phgXFEMInfo: 32768 elements, 1 part, 1 subdomain, time 0.1258s
  1. Vol's/area by region: [-]:0.113097   [0]:1.13097    [+]:0         
  2. Face areas by region: [-]:10.8702    [0]:0          [+]:88.1298   
  3. # elements by region: [-]:2920       [0]:1760       [+]:28088     
  To check: total volume == 1[-] + 1[+], total interface area == 1[0] + 2[0]
*** phgXFEMInfo: # total/interface elements in the induced meshes
  M0: 4680/1760
Building linear equations (32768 elems, FE: Q2/Q2) ...
  Element sizes: max/min = 3.12e-02/3.12e-02 = 1
  # cut elements by FE order:
  # non-cut elements by FE order: 2:4680
  # global unknowns: 41545 (19488 for the cut elements)
  Total # quadrature points: 2740216
  # local nonzeros: max inproc/offproc 161063/88384, total 5491337
  Wall time: 1.7s, memory usage: 0.20GB
Solving linear equations ...
  solver MINRES; nits: 221; residual: 6.26492e-12; time: 0.7927
  Condition number: 3.42e+04
L2err: 1.0407494385e-09; H1err: 2.4262737359e-07; mem: 0.20GB; time: 1.6
  |u_h-u_H| = 3.33098e-01
Sphere: center=(0.5 0.5 0.5), radius=0.3
Initial refinement (refine0=6): 262144 elements.

********** Level 6, 144 procs, 262144 elems, LIF 1.02, refine time: 0
Resolving/merging interface elements: *** phgXFEMInfo: 262144 elements, 1 part, 1 subdomain, time 0.671s
  1. Vol's/area by region: [-]:0.113097   [0]:1.13097    [+]:0         
  2. Face areas by region: [-]:21.7142    [0]:0          [+]:173.286   
  3. # elements by region: [-]:26080      [0]:6920       [+]:229144    
  To check: total volume == 1[-] + 1[+], total interface area == 1[0] + 2[0]
*** phgXFEMInfo: # total/interface elements in the induced meshes
  M0: 33000/6920
Building linear equations (262144 elems, FE: Q2/Q2) ...
  Element sizes: max/min = 1.56e-02/1.56e-02 = 1
  # cut elements by FE order:
  # non-cut elements by FE order: 2:33000
  # global unknowns: 279025 (79794 for the cut elements)
  Total # quadrature points: 14014368
  # local nonzeros: max inproc/offproc 1123759/258096, total 30247041
  Wall time: 7.8s, memory usage: 0.20GB
Solving linear equations ...
  solver MINRES; nits: 306; residual: 6.77491e-12; time: 6.577
  Condition number: 4.27e+04
L2err: 8.4104472953e-11; H1err: 3.8267293555e-08; mem: 0.21GB; time: 6.9
  |u_h-u_H| = 3.33098e-01
Sphere: center=(0.5 0.5 0.5), radius=0.3
Initial refinement (refine0=7): 2097152 elements.

********** Level 7, 144 procs, 2097152 elems, LIF 1.02, refine time: 0
Resolving/merging interface elements: *** phgXFEMInfo: 2097152 elements, 1 part, 1 subdomain, time 3.839s
  1. Vol's/area by region: [-]:0.113097   [0]:1.13097    [+]:0         
  2. Face areas by region: [-]:43.4326    [0]:0          [+]:343.567   
  3. # elements by region: [-]:223448     [0]:27824      [+]:1845880   
  To check: total volume == 1[-] + 1[+], total interface area == 1[0] + 2[0]
*** phgXFEMInfo: # total/interface elements in the induced meshes
  M0: 251272/27824
Building linear equations (2097152 elems, FE: Q2/Q2) ...
  Element sizes: max/min = 7.81e-03/7.81e-03 = 1
  # cut elements by FE order:
  # non-cut elements by FE order: 2:251272
  # global unknowns: 2068149 (327076 for the cut elements)
  Total # quadrature points: 82842312
  # local nonzeros: max inproc/offproc 7684769/732944, total 190247117
  Wall time: 37s, memory usage: 0.22GB
Solving linear equations ...
  solver MINRES; nits: 539; residual: 1.09548e-11; time: 115
  Condition number: 3.99e+04
L2err: 2.0406202317e-11; H1err: 6.4977964319e-09; mem: 0.25GB; time: 31
  |u_h-u_H| = 3.33098e-01


PS:

Read file <709763.err> for stderr output of this job.

