Sender: LSF System <lsfadmin@c6u24n01>
Subject: Job 709760: <CutFEM> in cluster <cluster1> Done

Job <CutFEM> was submitted from host <ln02> by user <zhanghe> in cluster <cluster1> at Sat Feb 14 23:14:51 2026
Job was executed on host(s) <36*c6u24n01>, in queue <batch>, as user <zhanghe> in cluster <cluster1> at Sat Feb 14 23:14:53 2026
                            <36*c3u19n01>
                            <36*c2u22n03>
                            <36*c2u22n04>
                            <36*c3u10n03>
                            <36*c2u19n02>
                            <36*c3u05n02>
                            <36*c2u12n02>
</share/home/zhanghe> was used as the home directory.
</share/home/zhanghe/cutfem_FSI/poisson> was used as the working directory.
Started at Sat Feb 14 23:14:53 2026
Terminated at Sat Feb 14 23:16:17 2026
Results reported at Sat Feb 14 23:16:17 2026

Your job looked like:

------------------------------------------------------------
# LSBATCH: User input
#!/bin/bash

#BSUB -J CutFEM
#BSUB -n 288
#BSUB -o %J.log
#BSUB -e %J.err
#BSUB -W 6000
#BSUB -q batch
#BSUB -R "span[ptile=36]"

for r0 in 1 2 3 4 5 6 7; do
#  for gp in 1 5 10;do
	mpirun -n 144  ./cutfem -sol_order -1 -refine0 $r0 -dof_type Q1 \
 	-solver mumps -solver_cond \
	gp_type 1 -coeff1 0.5 -gamma2 0.
#	-coeff2 2.0 +interior_only
#	>> Q2_gp1_$gp.log
#  done
done

------------------------------------------------------------

Successfully completed.

Resource usage summary:

    CPU time :                                   8802.00 sec.
    Max Memory :                                 10118 MB
    Average Memory :                             3805.17 MB
    Total Requested Memory :                     -
    Delta Memory :                               -
    Max Swap :                                   2 MB
    Max Processes :                              7
    Max Threads :                                9
    Run time :                                   83 sec.
    Turnaround time :                            86 sec.

The output (if any) follows:

Sphere: center=(0.5 0.5 0.5), radius=0.3
Initial refinement (refine0=1): 8 elements.

********** Level 1, 144 procs, 8 elems, LIF 18.00, refine time: 0
Resolving/merging interface elements: *** phgXFEMInfo: 8 elements, 1 part, 1 subdomain, time 0.06117s
  1. Vol's/area by region: [-]:0.113097   [0]:1.13097    [+]:0         
  2. Face areas by region: [-]:0.84823    [0]:0          [+]:8.15177   
  3. # elements by region: [-]:0          [0]:8          [+]:0         
  To check: total volume == 1[-] + 1[+], total interface area == 1[0] + 2[0]
*** phgXFEMInfo: # total/interface elements in the induced meshes
  M0: 8/8
Building linear equations (8 elems, FE: Q1/Q1) ...
  Element sizes: max/min = 5.00e-01/5.00e-01 = 1
  # cut elements by FE order:
  # non-cut elements by FE order: 1:8
  # global unknowns: 27 (27 for the cut elements)
  Total # quadrature points: 230104
  # local nonzeros: max inproc/offproc 25/43, total 343
  Wall time: 0.14s, memory usage: 0.19GB
Solving linear equations ...
  solver MUMPS; nits: 1; residual: 0; time: 0.2357
  Condition number: 5.99e+04
L2err: 9.7323166346e-03; H1err: 1.1164964061e-01; mem: 0.21GB; time: 0.44
  |u_h-u_H| = 3.34162e-01
Sphere: center=(0.5 0.5 0.5), radius=0.3
Initial refinement (refine0=2): 64 elements.

********** Level 2, 144 procs, 64 elems, LIF 2.25, refine time: 0
Resolving/merging interface elements: *** phgXFEMInfo: 64 elements, 1 part, 1 subdomain, time 0.04185s
  1. Vol's/area by region: [-]:0.113097   [0]:1.13097    [+]:0         
  2. Face areas by region: [-]:1.36659    [0]:0          [+]:13.6334   
  3. # elements by region: [-]:0          [0]:32         [+]:32        
  To check: total volume == 1[-] + 1[+], total interface area == 1[0] + 2[0]
*** phgXFEMInfo: # total/interface elements in the induced meshes
  M0: 32/32
Building linear equations (64 elems, FE: Q1/Q1) ...
  Element sizes: max/min = 2.50e-01/2.50e-01 = 1
  # cut elements by FE order:
  # non-cut elements by FE order: 1:32
  # global unknowns: 81 (39 for the cut elements)
  Total # quadrature points: 234808
  # local nonzeros: max inproc/offproc 17/66, total 1269
  Wall time: 0.093s, memory usage: 0.19GB
Solving linear equations ...
  solver MUMPS; nits: 1; residual: 0; time: 0.4133
  Condition number: 5.14e+05
L2err: 1.3299378574e-03; H1err: 1.2663719865e-02; mem: 0.21GB; time: 0.31
  |u_h-u_H| = 3.33065e-01
Sphere: center=(0.5 0.5 0.5), radius=0.3
Initial refinement (refine0=3): 512 elements.

********** Level 3, 144 procs, 512 elems, LIF 1.12, refine time: 0
Resolving/merging interface elements: *** phgXFEMInfo: 512 elements, 1 part, 1 subdomain, time 0.0235s
  1. Vol's/area by region: [-]:0.113097   [0]:1.13097    [+]:0         
  2. Face areas by region: [-]:2.76853    [0]:0          [+]:24.2315   
  3. # elements by region: [-]:8          [0]:128        [+]:376       
  To check: total volume == 1[-] + 1[+], total interface area == 1[0] + 2[0]
*** phgXFEMInfo: # total/interface elements in the induced meshes
  M0: 136/128
Building linear equations (512 elems, FE: Q1/Q1) ...
  Element sizes: max/min = 1.25e-01/1.25e-01 = 1
  # cut elements by FE order:
  # non-cut elements by FE order: 1:136
  # global unknowns: 251 (154 for the cut elements)
  Total # quadrature points: 244476
  # local nonzeros: max inproc/offproc 30/132, total 5069
  Wall time: 0.061s, memory usage: 0.20GB
Solving linear equations ...
  solver MUMPS; nits: 1; residual: 0; time: 0.1718
  Condition number: 7.40e+06
L2err: 9.2158657563e-04; H1err: 6.4243082144e-02; mem: 0.21GB; time: 0.18
  |u_h-u_H| = 3.33138e-01
Sphere: center=(0.5 0.5 0.5), radius=0.3
Initial refinement (refine0=4): 4096 elements.

********** Level 4, 144 procs, 4096 elems, LIF 1.02, refine time: 0
Resolving/merging interface elements: *** phgXFEMInfo: 4096 elements, 1 part, 1 subdomain, time 0.01878s
  1. Vol's/area by region: [-]:0.113097   [0]:1.13097    [+]:0         
  2. Face areas by region: [-]:5.42514    [0]:0          [+]:45.5749   
  3. # elements by region: [-]:280        [0]:416        [+]:3400      
  To check: total volume == 1[-] + 1[+], total interface area == 1[0] + 2[0]
*** phgXFEMInfo: # total/interface elements in the induced meshes
  M0: 696/416
Building linear equations (4096 elems, FE: Q1/Q1) ...
  Element sizes: max/min = 6.25e-02/6.25e-02 = 1
  # cut elements by FE order:
  # non-cut elements by FE order: 1:696
  # global unknowns: 991 (696 for the cut elements)
  Total # quadrature points: 355432
  # local nonzeros: max inproc/offproc 314/530, total 25181
  Wall time: 0.05s, memory usage: 0.19GB
Solving linear equations ...
  solver MUMPS; nits: 1; residual: 0; time: 0.1582
  Condition number: 1.90e+08
L2err: 1.2709994834e-04; H1err: 1.2026705016e-02; mem: 0.21GB; time: 0.12
  |u_h-u_H| = 3.33096e-01
Sphere: center=(0.5 0.5 0.5), radius=0.3
Initial refinement (refine0=5): 32768 elements.

********** Level 5, 144 procs, 32768 elems, LIF 1.02, refine time: 0
Resolving/merging interface elements: *** phgXFEMInfo: 32768 elements, 1 part, 1 subdomain, time 0.09661s
  1. Vol's/area by region: [-]:0.113097   [0]:1.13097    [+]:0         
  2. Face areas by region: [-]:10.8702    [0]:0          [+]:88.1298   
  3. # elements by region: [-]:2920       [0]:1760       [+]:28088     
  To check: total volume == 1[-] + 1[+], total interface area == 1[0] + 2[0]
*** phgXFEMInfo: # total/interface elements in the induced meshes
  M0: 4680/1760
Building linear equations (32768 elems, FE: Q1/Q1) ...
  Element sizes: max/min = 3.12e-02/3.12e-02 = 1
  # cut elements by FE order:
  # non-cut elements by FE order: 1:4680
  # global unknowns: 5737 (3117 for the cut elements)
  Total # quadrature points: 1905744
  # local nonzeros: max inproc/offproc 3910/2206, total 165705
  Wall time: 0.24s, memory usage: 0.20GB
Solving linear equations ...
  solver MUMPS; nits: 1; residual: 0; time: 0.6793
  Condition number: 1.62e+08
L2err: 1.6667053684e-05; H1err: 1.8013620297e-03; mem: 0.28GB; time: 0.54
  |u_h-u_H| = 3.33096e-01
Sphere: center=(0.5 0.5 0.5), radius=0.3
Initial refinement (refine0=6): 262144 elements.

********** Level 6, 144 procs, 262144 elems, LIF 1.02, refine time: 0
Resolving/merging interface elements: *** phgXFEMInfo: 262144 elements, 1 part, 1 subdomain, time 0.5342s
  1. Vol's/area by region: [-]:0.113097   [0]:1.13097    [+]:0         
  2. Face areas by region: [-]:21.7142    [0]:0          [+]:173.286   
  3. # elements by region: [-]:26080      [0]:6920       [+]:229144    
  To check: total volume == 1[-] + 1[+], total interface area == 1[0] + 2[0]
*** phgXFEMInfo: # total/interface elements in the induced meshes
  M0: 33000/6920
Building linear equations (262144 elems, FE: Q1/Q1) ...
  Element sizes: max/min = 1.56e-02/1.56e-02 = 1
  # cut elements by FE order:
  # non-cut elements by FE order: 1:33000
  # global unknowns: 36817 (13048 for the cut elements)
  Total # quadrature points: 9786180
  # local nonzeros: max inproc/offproc 40695/8764, total 1162433
  Wall time: 1.2s, memory usage: 0.20GB
Solving linear equations ...
  solver MUMPS; nits: 1; residual: 0; time: 1.131
  Condition number: 4.35e+09
L2err: 4.0246516526e-06; H1err: 4.5745602362e-04; mem: 0.25GB; time: 2.4
  |u_h-u_H| = 3.33097e-01
Sphere: center=(0.5 0.5 0.5), radius=0.3
Initial refinement (refine0=7): 2097152 elements.

********** Level 7, 144 procs, 2097152 elems, LIF 1.02, refine time: 0
Resolving/merging interface elements: *** phgXFEMInfo: 2097152 elements, 1 part, 1 subdomain, time 3.138s
  1. Vol's/area by region: [-]:0.113097   [0]:1.13097    [+]:0         
  2. Face areas by region: [-]:43.4326    [0]:0          [+]:343.567   
  3. # elements by region: [-]:223448     [0]:27824      [+]:1845880   
  To check: total volume == 1[-] + 1[+], total interface area == 1[0] + 2[0]
*** phgXFEMInfo: # total/interface elements in the induced meshes
  M0: 251272/27824
Building linear equations (2097152 elems, FE: Q1/Q1) ...
  Element sizes: max/min = 7.81e-03/7.81e-03 = 1
  # cut elements by FE order:
  # non-cut elements by FE order: 1:251272
  # global unknowns: 265883 (53951 for the cut elements)
  Total # quadrature points: 58087016
  # local nonzeros: max inproc/offproc 359315/35134, total 8795237
  Wall time: 6s, memory usage: 0.21GB
Solving linear equations ...
  solver MUMPS; nits: 1; residual: 0; time: 6.677
  Condition number: 2.52e+16
L2err: 1.2706928417e-06; H1err: 8.5314855521e-04; mem: 0.45GB; time: 9.6
  |u_h-u_H| = 3.33098e-01


PS:

Read file <709760.err> for stderr output of this job.

