Sender: LSF System <lsfadmin@c3u01n04>
Subject: Job 709746: <CutFEM> in cluster <cluster1> Done

Job <CutFEM> was submitted from host <ln02> by user <zhanghe> in cluster <cluster1> at Sat Feb 14 22:46:58 2026
Job was executed on host(s) <36*c3u01n04>, in queue <batch>, as user <zhanghe> in cluster <cluster1> at Sat Feb 14 22:50:07 2026
                            <36*a3u26n02>
                            <36*c4u05n04>
                            <36*a1u12n01>
                            <36*c6u26n02>
                            <36*c1u15n01>
                            <36*c2u22n03>
                            <36*c4u01n01>
</share/home/zhanghe> was used as the home directory.
</share/home/zhanghe/cutfem_FSI/poisson> was used as the working directory.
Started at Sat Feb 14 22:50:07 2026
Terminated at Sat Feb 14 22:51:26 2026
Results reported at Sat Feb 14 22:51:26 2026

Your job looked like:

------------------------------------------------------------
# LSBATCH: User input
#!/bin/bash

#BSUB -J CutFEM
#BSUB -n 288
#BSUB -o %J.log
#BSUB -e %J.err
#BSUB -W 6000
#BSUB -q batch
#BSUB -R "span[ptile=36]"

for r0 in 1 2 3 4 5 6 7; do
#  for gp in 1 5 10;do
	mpirun -n 144  ./cutfem -sol_order -100 -refine0 $r0 -dof_type Q1 \
 	-solver minres -solver_cond \
	-gp_type 1 -coeff1 0.5 -gamma2 0.1 
#	-coeff2 2.0 +interior_only
#	>> Q2_gp1_$gp.log
#  done
done

------------------------------------------------------------

Successfully completed.

Resource usage summary:

    CPU time :                                   8860.00 sec.
    Max Memory :                                 6443 MB
    Average Memory :                             4246.00 MB
    Total Requested Memory :                     -
    Delta Memory :                               -
    Max Swap :                                   -
    Max Processes :                              7
    Max Threads :                                9
    Run time :                                   79 sec.
    Turnaround time :                            268 sec.

The output (if any) follows:

Sphere: center=(0.5 0.5 0.5), radius=0.3
Initial refinement (refine0=1): 8 elements.

********** Level 1, 144 procs, 8 elems, LIF 18.00, refine time: 0
Resolving/merging interface elements: *** phgXFEMInfo: 8 elements, 1 part, 1 subdomain, time 0.06144s
  1. Vol's/area by region: [-]:0.886903   [0]:1.13097    [+]:0         
  2. Face areas by region: [-]:8.15177    [0]:0          [+]:0.84823   
  3. # elements by region: [-]:0          [0]:8          [+]:0         
  To check: total volume == 1[-] + 1[+], total interface area == 1[0] + 2[0]
*** phgXFEMInfo: # total/interface elements in the induced meshes
  M0: 8/8
Building linear equations (8 elems, FE: Q1/Q1) ...
  Element sizes: max/min = 5.00e-01/5.00e-01 = 1
  # cut elements by FE order:
  # non-cut elements by FE order: 1:8
  # global unknowns: 27 (27 for the cut elements)
  Total # quadrature points: 262640
  # local nonzeros: max inproc/offproc 25/97, total 637
  Wall time: 0.13s, memory usage: 0.20GB
Solving linear equations ...
  solver MINRES; nits: 4; residual: 1.59788e-14; time: 0.01058
  Condition number: 9.45e+00
L2err: 1.0844526054e-01; H1err: 3.4414806663e-01; mem: 0.20GB; time: 0.44
  |u_h-u_H| = 5.14191e-01
Sphere: center=(0.5 0.5 0.5), radius=0.3
Initial refinement (refine0=2): 64 elements.

********** Level 2, 144 procs, 64 elems, LIF 2.25, refine time: 0
Resolving/merging interface elements: *** phgXFEMInfo: 64 elements, 1 part, 1 subdomain, time 0.04216s
  1. Vol's/area by region: [-]:0.886903   [0]:1.13097    [+]:0         
  2. Face areas by region: [-]:13.6334    [0]:0          [+]:1.36659   
  3. # elements by region: [-]:32         [0]:32         [+]:0         
  To check: total volume == 1[-] + 1[+], total interface area == 1[0] + 2[0]
*** phgXFEMInfo: # total/interface elements in the induced meshes
  M0: 64/32
Building linear equations (64 elems, FE: Q1/Q1) ...
  Element sizes: max/min = 2.50e-01/2.50e-01 = 1
  # cut elements by FE order:
  # non-cut elements by FE order: 1:64
  # global unknowns: 125 (39 for the cut elements)
  Total # quadrature points: 266032
  # local nonzeros: max inproc/offproc 25/186, total 4591
  Wall time: 0.086s, memory usage: 0.20GB
Solving linear equations ...
  solver MINRES; nits: 10; residual: 1.68849e-14; time: 0.04139
  Condition number: 7.76e+00
L2err: 3.5177978459e-02; H1err: 2.9629948354e-02; mem: 0.20GB; time: 0.29
  |u_h-u_H| = 4.95333e-01
Sphere: center=(0.5 0.5 0.5), radius=0.3
Initial refinement (refine0=3): 512 elements.

********** Level 3, 144 procs, 512 elems, LIF 1.12, refine time: 0
Resolving/merging interface elements: *** phgXFEMInfo: 512 elements, 1 part, 1 subdomain, time 0.02416s
  1. Vol's/area by region: [-]:0.886903   [0]:1.13097    [+]:0         
  2. Face areas by region: [-]:24.2315    [0]:0          [+]:2.76853   
  3. # elements by region: [-]:376        [0]:128        [+]:8         
  To check: total volume == 1[-] + 1[+], total interface area == 1[0] + 2[0]
*** phgXFEMInfo: # total/interface elements in the induced meshes
  M0: 504/128
Building linear equations (512 elems, FE: Q1/Q1) ...
  Element sizes: max/min = 1.25e-01/1.25e-01 = 1
  # cut elements by FE order:
  # non-cut elements by FE order: 1:504
  # global unknowns: 728 (154 for the cut elements)
  Total # quadrature points: 330524
  # local nonzeros: max inproc/offproc 92/349, total 25173
  Wall time: 0.059s, memory usage: 0.20GB
Solving linear equations ...
  solver MINRES; nits: 24; residual: 3.19598e-12; time: 0.04082
  Condition number: 1.22e+02
L2err: 9.8674143336e-03; H1err: 1.4598944055e-02; mem: 0.20GB; time: 0.18
  |u_h-u_H| = 4.94038e-01
Sphere: center=(0.5 0.5 0.5), radius=0.3
Initial refinement (refine0=4): 4096 elements.

********** Level 4, 144 procs, 4096 elems, LIF 1.02, refine time: 0
Resolving/merging interface elements: *** phgXFEMInfo: 4096 elements, 1 part, 1 subdomain, time 0.01878s
  1. Vol's/area by region: [-]:0.886903   [0]:1.13097    [+]:0         
  2. Face areas by region: [-]:45.5749    [0]:0          [+]:5.42514   
  3. # elements by region: [-]:3400       [0]:416        [+]:280       
  To check: total volume == 1[-] + 1[+], total interface area == 1[0] + 2[0]
*** phgXFEMInfo: # total/interface elements in the induced meshes
  M0: 3816/416
Building linear equations (4096 elems, FE: Q1/Q1) ...
  Element sizes: max/min = 6.25e-02/6.25e-02 = 1
  # cut elements by FE order:
  # non-cut elements by FE order: 1:3816
  # global unknowns: 4766 (696 for the cut elements)
  Total # quadrature points: 931152
  # local nonzeros: max inproc/offproc 969/1366, total 141677
  Wall time: 0.055s, memory usage: 0.20GB
Solving linear equations ...
  solver MINRES; nits: 31; residual: 2.25479e-12; time: 0.3027
  Condition number: 5.62e+02
L2err: 2.3753630244e-03; H1err: 6.5285112589e-03; mem: 0.20GB; time: 0.12
  |u_h-u_H| = 4.93961e-01
Sphere: center=(0.5 0.5 0.5), radius=0.3
Initial refinement (refine0=5): 32768 elements.

********** Level 5, 144 procs, 32768 elems, LIF 1.02, refine time: 0
Resolving/merging interface elements: *** phgXFEMInfo: 32768 elements, 1 part, 1 subdomain, time 0.09608s
  1. Vol's/area by region: [-]:0.886903   [0]:1.13097    [+]:0         
  2. Face areas by region: [-]:88.1298    [0]:0          [+]:10.8702   
  3. # elements by region: [-]:28088      [0]:1760       [+]:2920      
  To check: total volume == 1[-] + 1[+], total interface area == 1[0] + 2[0]
*** phgXFEMInfo: # total/interface elements in the induced meshes
  M0: 29848/1760
Building linear equations (32768 elems, FE: Q1/Q1) ...
  Element sizes: max/min = 3.12e-02/3.12e-02 = 1
  # cut elements by FE order:
  # non-cut elements by FE order: 1:29848
  # global unknowns: 33732 (3117 for the cut elements)
  Total # quadrature points: 6078440
  # local nonzeros: max inproc/offproc 6990/4479, total 964481
  Wall time: 0.25s, memory usage: 0.20GB
Solving linear equations ...
  solver MINRES; nits: 54; residual: 3.66894e-12; time: 0.31
  Condition number: 6.77e+02
L2err: 5.7547425633e-04; H1err: 2.8882930876e-03; mem: 0.20GB; time: 0.52
  |u_h-u_H| = 4.93891e-01
Sphere: center=(0.5 0.5 0.5), radius=0.3
Initial refinement (refine0=6): 262144 elements.

********** Level 6, 144 procs, 262144 elems, LIF 1.02, refine time: 0
Resolving/merging interface elements: *** phgXFEMInfo: 262144 elements, 1 part, 1 subdomain, time 0.5358s
  1. Vol's/area by region: [-]:0.886903   [0]:1.13097    [+]:0         
  2. Face areas by region: [-]:173.286    [0]:0          [+]:21.7142   
  3. # elements by region: [-]:229144     [0]:6920       [+]:26080     
  To check: total volume == 1[-] + 1[+], total interface area == 1[0] + 2[0]
*** phgXFEMInfo: # total/interface elements in the induced meshes
  M0: 236064/6920
Building linear equations (262144 elems, FE: Q1/Q1) ...
  Element sizes: max/min = 1.56e-02/1.56e-02 = 1
  # cut elements by FE order:
  # non-cut elements by FE order: 1:236064
  # global unknowns: 251660 (13048 for the cut elements)
  Total # quadrature points: 42112132
  # local nonzeros: max inproc/offproc 52451/13580, total 7004585
  Wall time: 1.2s, memory usage: 0.20GB
Solving linear equations ...
  solver MINRES; nits: 108; residual: 3.65574e-12; time: 0.3136
  Condition number: 1.19e+03
L2err: 1.4069547028e-04; H1err: 1.0930967633e-03; mem: 0.21GB; time: 2.3
  |u_h-u_H| = 4.93865e-01
Sphere: center=(0.5 0.5 0.5), radius=0.3
Initial refinement (refine0=7): 2097152 elements.

********** Level 7, 144 procs, 2097152 elems, LIF 1.02, refine time: 0
Resolving/merging interface elements: *** phgXFEMInfo: 2097152 elements, 1 part, 1 subdomain, time 3.14s
  1. Vol's/area by region: [-]:0.886903   [0]:1.13097    [+]:0         
  2. Face areas by region: [-]:343.567    [0]:0          [+]:43.4326   
  3. # elements by region: [-]:1845880    [0]:27824      [+]:223448    
  To check: total volume == 1[-] + 1[+], total interface area == 1[0] + 2[0]
*** phgXFEMInfo: # total/interface elements in the induced meshes
  M0: 1873704/27824
Building linear equations (2097152 elems, FE: Q1/Q1) ...
  Element sizes: max/min = 7.81e-03/7.81e-03 = 1
  # cut elements by FE order:
  # non-cut elements by FE order: 1:1873704
  # global unknowns: 1936466 (53951 for the cut elements)
  Total # quadrature points: 312463600
  # local nonzeros: max inproc/offproc 404408/46731, total 53222757
  Wall time: 6s, memory usage: 0.22GB
Solving linear equations ...
  solver MINRES; nits: 215; residual: 4.39141e-12; time: 6.552
  Condition number: 4.51e+03
L2err: 3.4737427077e-05; H1err: 4.1454121374e-04; mem: 0.24GB; time: 9.4
  |u_h-u_H| = 4.93858e-01


PS:

Read file <709746.err> for stderr output of this job.

