Sender: LSF System <lsfadmin@c6u26n02>
Subject: Job 709771: <CutFEM> in cluster <cluster1> Done

Job <CutFEM> was submitted from host <ln02> by user <zhanghe> in cluster <cluster1> at Sat Feb 14 23:47:01 2026
Job was executed on host(s) <18*c6u26n02>, in queue <batch>, as user <zhanghe> in cluster <cluster1> at Sat Feb 14 23:46:33 2026
                            <18*c6u05n04>
                            <18*c2u12n02>
                            <18*c3u10n03>
                            <18*a3u24n02>
                            <18*c3u03n03>
                            <18*a1u15n01>
                            <18*c3u17n04>
                            <18*a1u12n01>
                            <18*c6u26n04>
                            <18*c4u05n03>
                            <18*a3u12n04>
                            <18*a3u05n02>
                            <18*c6u24n01>
                            <18*c2u22n04>
                            <18*c6u22n04>
</share/home/zhanghe> was used as the home directory.
</share/home/zhanghe/cutfem_FSI/poisson> was used as the working directory.
Started at Sat Feb 14 23:46:33 2026
Terminated at Sun Feb 15 00:14:10 2026
Results reported at Sun Feb 15 00:14:10 2026

Your job looked like:

------------------------------------------------------------
# LSBATCH: User input
#!/bin/bash

#BSUB -J CutFEM
#BSUB -n 288
#BSUB -o %J.log
#BSUB -e %J.err
#BSUB -W 6000
#BSUB -q batch
#BSUB -R "span[ptile=18]"

for r0 in 1 2 3 4 5 6; do
#  for gp in 1 5 10;do
	mpirun -n 108 ./cutfem -sol_order -100 -refine0 $r0 -dof_type Q3 \
 	-solver minres -solver_cond \
	gp_type 1 -coeff1 0.5 -gamma2 0.1
#	-coeff2 2.0 +interior_only
#	>> Q2_gp1_$gp.log
#  done
done

------------------------------------------------------------

Successfully completed.

Resource usage summary:

    CPU time :                                   177402.00 sec.
    Max Memory :                                 59841 MB
    Average Memory :                             37644.72 MB
    Total Requested Memory :                     -
    Delta Memory :                               -
    Max Swap :                                   1 MB
    Max Processes :                              121
    Max Threads :                                231
    Run time :                                   1657 sec.
    Turnaround time :                            1629 sec.

The output (if any) follows:

Sphere: center=(0.5 0.5 0.5), radius=0.3
Initial refinement (refine0=1): 8 elements.

********** Level 1, 108 procs, 8 elems, LIF 13.50, refine time: 0
Resolving/merging interface elements: *** phgXFEMInfo: 8 elements, 1 part, 1 subdomain, time 0.1149s
  1. Vol's/area by region: [-]:0.886903   [0]:1.13097    [+]:0         
  2. Face areas by region: [-]:8.15177    [0]:0          [+]:0.84823   
  3. # elements by region: [-]:0          [0]:8          [+]:0         
  To check: total volume == 1[-] + 1[+], total interface area == 1[0] + 2[0]
*** phgXFEMInfo: # total/interface elements in the induced meshes
  M0: 8/8
Building linear equations (8 elems, FE: Q3/Q3) ...
  Element sizes: max/min = 5.00e-01/5.00e-01 = 1
  # cut elements by FE order:
  # non-cut elements by FE order: 3:8
  # global unknowns: 343 (343 for the cut elements)
  Total # quadrature points: 546912
  # local nonzeros: max inproc/offproc 3364/11184, total 81685
  Wall time: 2s, memory usage: 0.19GB
Solving linear equations ...
  solver MINRES; nits: 21; residual: 2.58775e-13; time: 0.0139
  Condition number: 4.91e+02
L2err: 7.5319400816e-03; H1err: 4.2040231050e-02; mem: 0.19GB; time: 2.3
  |u_h-u_H| = 4.90982e-01
Sphere: center=(0.5 0.5 0.5), radius=0.3
Initial refinement (refine0=2): 64 elements.

********** Level 2, 108 procs, 64 elems, LIF 1.69, refine time: 0
Resolving/merging interface elements: *** phgXFEMInfo: 64 elements, 1 part, 1 subdomain, time 0.07569s
  1. Vol's/area by region: [-]:0.886903   [0]:1.13097    [+]:0         
  2. Face areas by region: [-]:13.6334    [0]:0          [+]:1.36659   
  3. # elements by region: [-]:32         [0]:32         [+]:0         
  To check: total volume == 1[-] + 1[+], total interface area == 1[0] + 2[0]
*** phgXFEMInfo: # total/interface elements in the induced meshes
  M0: 64/32
Building linear equations (64 elems, FE: Q3/Q3) ...
  Element sizes: max/min = 2.50e-01/2.50e-01 = 1
  # cut elements by FE order:
  # non-cut elements by FE order: 3:64
  # global unknowns: 2197 (973 for the cut elements)
  Total # quadrature points: 548960
  # local nonzeros: max inproc/offproc 3481/17532, total 683983
  Wall time: 1.3s, memory usage: 0.19GB
Solving linear equations ...
  solver MINRES; nits: 67; residual: 1.4396e-11; time: 0.05265
  Condition number: 4.70e+03
L2err: 8.8107614453e-04; H1err: 6.7809424084e-03; mem: 0.20GB; time: 1.5
  |u_h-u_H| = 4.93702e-01
Sphere: center=(0.5 0.5 0.5), radius=0.3
Initial refinement (refine0=3): 512 elements.

********** Level 3, 108 procs, 512 elems, LIF 1.05, refine time: 0
Resolving/merging interface elements: *** phgXFEMInfo: 512 elements, 1 part, 1 subdomain, time 0.05633s
  1. Vol's/area by region: [-]:0.886903   [0]:1.13097    [+]:0         
  2. Face areas by region: [-]:24.2315    [0]:0          [+]:2.76853   
  3. # elements by region: [-]:376        [0]:128        [+]:8         
  To check: total volume == 1[-] + 1[+], total interface area == 1[0] + 2[0]
*** phgXFEMInfo: # total/interface elements in the induced meshes
  M0: 504/128
Building linear equations (512 elems, FE: Q3/Q3) ...
  Element sizes: max/min = 1.25e-01/1.25e-01 = 1
  # cut elements by FE order:
  # non-cut elements by FE order: 3:504
  # global unknowns: 15500 (3816 for the cut elements)
  Total # quadrature points: 669148
  # local nonzeros: max inproc/offproc 15085/55342, total 3620233
  Wall time: 1.4s, memory usage: 0.20GB
Solving linear equations ...
  solver MINRES; nits: 186; residual: 1.45027e-11; time: 1.047
  Condition number: 2.07e+05
L2err: 3.0604202956e-05; H1err: 5.7121815642e-04; mem: 0.20GB; time: 1.3
  |u_h-u_H| = 4.93853e-01
Sphere: center=(0.5 0.5 0.5), radius=0.3
Initial refinement (refine0=4): 4096 elements.

********** Level 4, 108 procs, 4096 elems, LIF 1.05, refine time: 0
Resolving/merging interface elements: *** phgXFEMInfo: 4096 elements, 1 part, 1 subdomain, time 0.04662s
  1. Vol's/area by region: [-]:0.886903   [0]:1.13097    [+]:0         
  2. Face areas by region: [-]:45.5749    [0]:0          [+]:5.42514   
  3. # elements by region: [-]:3400       [0]:416        [+]:280       
  To check: total volume == 1[-] + 1[+], total interface area == 1[0] + 2[0]
*** phgXFEMInfo: # total/interface elements in the induced meshes
  M0: 3816/416
Building linear equations (4096 elems, FE: Q3/Q3) ...
  Element sizes: max/min = 6.25e-02/6.25e-02 = 1
  # cut elements by FE order:
  # non-cut elements by FE order: 3:3816
  # global unknowns: 111422 (13778 for the cut elements)
  Total # quadrature points: 1841488
  # local nonzeros: max inproc/offproc 174869/204870, total 18841357
  Wall time: 2.4s, memory usage: 0.20GB
Solving linear equations ...
  solver MINRES; nits: 487; residual: 1.76027e-11; time: 21.29
  Condition number: 3.52e+05
L2err: 7.3116875720e-07; H1err: 3.5590465055e-05; mem: 0.20GB; time: 1.4
  |u_h-u_H| = 4.93855e-01
Sphere: center=(0.5 0.5 0.5), radius=0.3
Initial refinement (refine0=5): 32768 elements.

********** Level 5, 108 procs, 32768 elems, LIF 1.05, refine time: 0
Resolving/merging interface elements: *** phgXFEMInfo: 32768 elements, 1 part, 1 subdomain, time 0.2387s
  1. Vol's/area by region: [-]:0.886903   [0]:1.13097    [+]:0         
  2. Face areas by region: [-]:88.1298    [0]:0          [+]:10.8702   
  3. # elements by region: [-]:28088      [0]:1760       [+]:2920      
  To check: total volume == 1[-] + 1[+], total interface area == 1[0] + 2[0]
*** phgXFEMInfo: # total/interface elements in the induced meshes
  M0: 29848/1760
Building linear equations (32768 elems, FE: Q3/Q3) ...
  Element sizes: max/min = 3.12e-02/3.12e-02 = 1
  # cut elements by FE order:
  # non-cut elements by FE order: 3:29848
  # global unknowns: 840584 (60040 for the cut elements)
  Total # quadrature points: 12034088
  # local nonzeros: max inproc/offproc 1331697/551086, total 124995349
  Wall time: 11s, memory usage: 0.21GB
Solving linear equations ...
  solver MINRES; nits: 1253; residual: 1.7501e-11; time: 88.75
  Condition number: 4.97e+05
L2err: 3.6371681827e-08; H1err: 3.6030602357e-06; mem: 0.25GB; time: 6.3
  |u_h-u_H| = 4.93855e-01
Sphere: center=(0.5 0.5 0.5), radius=0.3
Initial refinement (refine0=6): 262144 elements.

********** Level 6, 108 procs, 262144 elems, LIF 1.05, refine time: 0
Resolving/merging interface elements: *** phgXFEMInfo: 262144 elements, 1 part, 1 subdomain, time 1.187s
  1. Vol's/area by region: [-]:0.886903   [0]:1.13097    [+]:0         
  2. Face areas by region: [-]:173.286    [0]:0          [+]:21.7142   
  3. # elements by region: [-]:229144     [0]:6920       [+]:26080     
  To check: total volume == 1[-] + 1[+], total interface area == 1[0] + 2[0]
*** phgXFEMInfo: # total/interface elements in the induced meshes
  M0: 236064/6920
Building linear equations (262144 elems, FE: Q3/Q3) ...
  Element sizes: max/min = 1.56e-02/1.56e-02 = 1
  # cut elements by FE order:
  # non-cut elements by FE order: 3:236064
  # global unknowns: 6513608 (242716 for the cut elements)
  Total # quadrature points: 83371684
  # local nonzeros: max inproc/offproc 9339421/1385982, total 890722549
  Wall time: 50s, memory usage: 0.30GB
Solving linear equations ...
  solver MINRES; nits: 2273; residual: 1.73791e-11; time: 1405
  Condition number: 1.32e+06
L2err: 1.5841284972e-09; H1err: 3.2117369969e-07; mem: 0.60GB; time: 28
  |u_h-u_H| = 4.93855e-01


PS:

Read file <709771.err> for stderr output of this job.

